From 2021-09-20 lun. 19:46:01 to 2021-09-20 lun. 19:47:01<br>
From 2021-09-22 mer. 13:42:01 to 2021-09-22 mer. 14:49:01<br>
From 2020-09-22 mer. 14:52:02 to 2021-09-22 mer. 17:25:01<br>
From 2021-09-22 mer. 17:28:01 to 2021-09-22 mer. 17:47:01<br>
From 2021-09-23 jeu. 16:45:01 to 2021-09-23 jeu. 17:07:01<br>
From 2021-09-23 jeu. 17:15:01 to 2021-09-23 jeu. 17:40:01<br>
From 2021-09-24 ven. 15:25:01 to 2021-09-24 ven. 17:56:01<br>
From 2021-09-25 sam. 11:14:01 to 2021-09-25 sam. 11:38:01<br>
From 2021-09-25 sam. 11:44:57 to 2021-09-25 sam. 12:10:01<br>
From 2021-09-26 dim. 11:15:51 to 2021-09-26 dim. 11:22:01<br>
From 2021-09-26 dim. 15:03:37 to 2021-09-26 dim. 15:06:01<br>
From 2021-09-26 dim. 15:15:01 to 2021-09-26 dim. 15:24:01 : 0 h 9 min <br>
From 2021-09-27 lun. 08:18:01 to 2021-09-27 lun. 08:20:01 : 0 h 2 min <br>
From 2021-09-27 lun. 17:10:02 to 2021-09-27 lun. 17:50:01 : 0 h 39 min <br>
From 2021-09-27 lun. 18:44:01 to 2021-09-27 lun. 18:48:01 : 0 h 4 min <br>
From 2021-09-27 lun. 20:03:02 to 2021-09-27 lun. 20:04:01 : 0 h 0 min <br>
From 2021-09-28 mar. 17:00:01 to 2021-09-28 mar. 17:47:01 : 0 h 47 min <br>
From 2021-09-28 mar. 17:54:03 to 2021-09-28 mar. 17:58:01 : 0 h 3 min <br>
From 2021-09-29 mer. 13:32:02 to 2021-09-29 mer. 14:10:01 : 0 h 37 min <br>
From 2021-09-29 mer. 15:29:02 to 2021-09-29 mer. 15:32:01 : 0 h 2 min <br>
From 2021-09-30 jeu. 16:56:02 to 2021-09-30 jeu. 17:54:01 : 0 h 57 min <br>
From 2021-10-01 ven. 14:50:00 to 2021-10-01 ven. 16:06:01 : 1 h 16 min <br>
From 2021-10-01 ven. 21:00:01 to 2021-10-01 ven. 21:01:01 : 0 h 1 min <br>
From 2021-10-02 sam. 13:15:01 to 2021-10-02 sam. 14:59:01 : 1 h 44 min <br>
From 2021-10-04 lun. 15:54:01 to 2021-10-04 lun. 16:39:01 : 0 h 45 min <br>
From 2021-10-04 lun. 16:44:22 to 2021-10-04 lun. 17:16:01 : 0 h 31 min <br>
From 2021-10-05 mar. 17:45:01 to 2021-10-05 mar. 18:10:01 : 0 h 25 min <br>
From 2021-10-06 mer. 08:57:02 to 2021-10-06 mer. 09:00:04 : 0 h 3 min <br>
From 2021-10-06 mer. 09:01:28 to 2021-10-06 mer. 09:02:01 : 0 h 0 min <br>


From 2021-10-06 mer. 09:26:01 to 2021-10-06 mer. 09:40:01 : 0 h 14 min <br>
From 2021-10-06 mer. 14:03:01 to 2021-10-06 mer. 15:08:02 : 1 h 5 min <br>
From 2021-10-07 jeu. 15:48:01 to 2021-10-07 jeu. 17:48:01 : 2 h 0 min <br>
From 2021-10-07 jeu. 18:53:01 to 2021-10-07 jeu. 18:59:01 : 0 h 6 min <br>
